{"/home/zaf/Scripts/js/auth-api/src/Applications/security/PasswordHash.js": {"path":"/home/zaf/Scripts/js/auth-api/src/Applications/security/PasswordHash.js","statementMap":{"0":{"start":{"line":5,"column":4},"end":{"line":5,"column":60}},"1":{"start":{"line":9,"column":0},"end":{"line":9,"column":30}}},"fnMap":{"0":{"name":"(anonymous_0)","decl":{"start":{"line":4,"column":2},"end":{"line":4,"column":3}},"loc":{"start":{"line":4,"column":23},"end":{"line":6,"column":3}},"line":4}},"branchMap":{},"s":{"0":0,"1":1},"f":{"0":0},"b":{},"_coverageSchema":"1a1c01bbd47fc00a2c39e90264f33305004495a9","hash":"3074f58d2ba8e68f65833cf8a03412b3d5289bd1"}
,"/home/zaf/Scripts/js/auth-api/src/Applications/use_case/AddUserUseCase.js": {"path":"/home/zaf/Scripts/js/auth-api/src/Applications/use_case/AddUserUseCase.js","statementMap":{"0":{"start":{"line":2,"column":21},"end":{"line":2,"column":73}},"1":{"start":{"line":6,"column":4},"end":{"line":6,"column":42}},"2":{"start":{"line":7,"column":4},"end":{"line":7,"column":38}},"3":{"start":{"line":11,"column":25},"end":{"line":11,"column":57}},"4":{"start":{"line":12,"column":4},"end":{"line":12,"column":78}},"5":{"start":{"line":13,"column":4},"end":{"line":13,"column":81}},"6":{"start":{"line":14,"column":4},"end":{"line":14,"column":54}},"7":{"start":{"line":18,"column":0},"end":{"line":18,"column":32}}},"fnMap":{"0":{"name":"(anonymous_0)","decl":{"start":{"line":5,"column":2},"end":{"line":5,"column":3}},"loc":{"start":{"line":5,"column":48},"end":{"line":8,"column":3}},"line":5},"1":{"name":"(anonymous_1)","decl":{"start":{"line":10,"column":2},"end":{"line":10,"column":3}},"loc":{"start":{"line":10,"column":32},"end":{"line":15,"column":3}},"line":10}},"branchMap":{},"s":{"0":1,"1":1,"2":1,"3":1,"4":1,"5":1,"6":1,"7":1},"f":{"0":1,"1":1},"b":{},"_coverageSchema":"1a1c01bbd47fc00a2c39e90264f33305004495a9","hash":"60526e687d8cc46ac422a6be211ca17398ce6f09"}
,"/home/zaf/Scripts/js/auth-api/src/Commons/exceptions/AuthenticationError.js": {"path":"/home/zaf/Scripts/js/auth-api/src/Commons/exceptions/AuthenticationError.js","statementMap":{"0":{"start":{"line":1,"column":20},"end":{"line":1,"column":44}},"1":{"start":{"line":5,"column":4},"end":{"line":5,"column":24}},"2":{"start":{"line":6,"column":4},"end":{"line":6,"column":38}},"3":{"start":{"line":10,"column":0},"end":{"line":10,"column":37}}},"fnMap":{"0":{"name":"(anonymous_0)","decl":{"start":{"line":4,"column":2},"end":{"line":4,"column":3}},"loc":{"start":{"line":4,"column":23},"end":{"line":7,"column":3}},"line":4}},"branchMap":{},"s":{"0":1,"1":1,"2":1,"3":1},"f":{"0":1},"b":{},"_coverageSchema":"1a1c01bbd47fc00a2c39e90264f33305004495a9","hash":"e6fca47f0529f7b350292f68a371283d01ad0ef1"}
,"/home/zaf/Scripts/js/auth-api/src/Commons/exceptions/ClientError.js": {"path":"/home/zaf/Scripts/js/auth-api/src/Commons/exceptions/ClientError.js","statementMap":{"0":{"start":{"line":3,"column":4},"end":{"line":3,"column":19}},"1":{"start":{"line":5,"column":4},"end":{"line":7,"column":5}},"2":{"start":{"line":6,"column":6},"end":{"line":6,"column":59}},"3":{"start":{"line":9,"column":4},"end":{"line":9,"column":33}},"4":{"start":{"line":10,"column":4},"end":{"line":10,"column":30}},"5":{"start":{"line":14,"column":0},"end":{"line":14,"column":29}}},"fnMap":{"0":{"name":"(anonymous_0)","decl":{"start":{"line":2,"column":2},"end":{"line":2,"column":3}},"loc":{"start":{"line":2,"column":41},"end":{"line":11,"column":3}},"line":2}},"branchMap":{"0":{"loc":{"start":{"line":2,"column":23},"end":{"line":2,"column":39}},"type":"default-arg","locations":[{"start":{"line":2,"column":36},"end":{"line":2,"column":39}}],"line":2},"1":{"loc":{"start":{"line":5,"column":4},"end":{"line":7,"column":5}},"type":"if","locations":[{"start":{"line":5,"column":4},"end":{"line":7,"column":5}},{"start":{},"end":{}}],"line":5}},"s":{"0":4,"1":4,"2":1,"3":3,"4":3,"5":4},"f":{"0":4},"b":{"0":[2],"1":[1,3]},"_coverageSchema":"1a1c01bbd47fc00a2c39e90264f33305004495a9","hash":"a6308fd2daf60d6050f9e772d9f70ab1a2027660"}
,"/home/zaf/Scripts/js/auth-api/src/Commons/exceptions/InvariantError.js": {"path":"/home/zaf/Scripts/js/auth-api/src/Commons/exceptions/InvariantError.js","statementMap":{"0":{"start":{"line":1,"column":20},"end":{"line":1,"column":44}},"1":{"start":{"line":5,"column":4},"end":{"line":5,"column":19}},"2":{"start":{"line":6,"column":4},"end":{"line":6,"column":33}},"3":{"start":{"line":10,"column":0},"end":{"line":10,"column":32}}},"fnMap":{"0":{"name":"(anonymous_0)","decl":{"start":{"line":4,"column":2},"end":{"line":4,"column":3}},"loc":{"start":{"line":4,"column":23},"end":{"line":7,"column":3}},"line":4}},"branchMap":{},"s":{"0":1,"1":1,"2":1,"3":1},"f":{"0":1},"b":{},"_coverageSchema":"1a1c01bbd47fc00a2c39e90264f33305004495a9","hash":"ac6def7bf300416dbb4930d6de1aba9cca326a5c"}
,"/home/zaf/Scripts/js/auth-api/src/Commons/exceptions/NotFoundError.js": {"path":"/home/zaf/Scripts/js/auth-api/src/Commons/exceptions/NotFoundError.js","statementMap":{"0":{"start":{"line":1,"column":20},"end":{"line":1,"column":44}},"1":{"start":{"line":5,"column":4},"end":{"line":5,"column":24}},"2":{"start":{"line":6,"column":4},"end":{"line":6,"column":32}},"3":{"start":{"line":10,"column":0},"end":{"line":10,"column":31}}},"fnMap":{"0":{"name":"(anonymous_0)","decl":{"start":{"line":4,"column":2},"end":{"line":4,"column":3}},"loc":{"start":{"line":4,"column":23},"end":{"line":7,"column":3}},"line":4}},"branchMap":{},"s":{"0":1,"1":1,"2":1,"3":1},"f":{"0":1},"b":{},"_coverageSchema":"1a1c01bbd47fc00a2c39e90264f33305004495a9","hash":"6cf2c1ec5113f52aa8a320432a41068244f01663"}
,"/home/zaf/Scripts/js/auth-api/src/Domains/users/UserRepository.js": {"path":"/home/zaf/Scripts/js/auth-api/src/Domains/users/UserRepository.js","statementMap":{"0":{"start":{"line":5,"column":4},"end":{"line":5,"column":62}},"1":{"start":{"line":9,"column":4},"end":{"line":9,"column":62}},"2":{"start":{"line":13,"column":0},"end":{"line":13,"column":32}}},"fnMap":{"0":{"name":"(anonymous_0)","decl":{"start":{"line":4,"column":2},"end":{"line":4,"column":3}},"loc":{"start":{"line":4,"column":30},"end":{"line":6,"column":3}},"line":4},"1":{"name":"(anonymous_1)","decl":{"start":{"line":8,"column":2},"end":{"line":8,"column":3}},"loc":{"start":{"line":8,"column":42},"end":{"line":10,"column":3}},"line":8}},"branchMap":{},"s":{"0":1,"1":1,"2":2},"f":{"0":1,"1":1},"b":{},"_coverageSchema":"1a1c01bbd47fc00a2c39e90264f33305004495a9","hash":"149452d057b1a18cfe2a22ad9237bd7ce9986aca"}
,"/home/zaf/Scripts/js/auth-api/src/Domains/users/entities/RegisterUser.js": {"path":"/home/zaf/Scripts/js/auth-api/src/Domains/users/entities/RegisterUser.js","statementMap":{"0":{"start":{"line":5,"column":4},"end":{"line":5,"column":33}},"1":{"start":{"line":7,"column":45},"end":{"line":7,"column":52}},"2":{"start":{"line":9,"column":4},"end":{"line":9,"column":29}},"3":{"start":{"line":10,"column":4},"end":{"line":10,"column":29}},"4":{"start":{"line":11,"column":4},"end":{"line":11,"column":29}},"5":{"start":{"line":15,"column":4},"end":{"line":17,"column":5}},"6":{"start":{"line":16,"column":6},"end":{"line":16,"column":67}},"7":{"start":{"line":19,"column":4},"end":{"line":21,"column":5}},"8":{"start":{"line":20,"column":6},"end":{"line":20,"column":72}},"9":{"start":{"line":23,"column":4},"end":{"line":25,"column":5}},"10":{"start":{"line":24,"column":6},"end":{"line":24,"column":59}},"11":{"start":{"line":27,"column":4},"end":{"line":29,"column":5}},"12":{"start":{"line":28,"column":6},"end":{"line":28,"column":77}},"13":{"start":{"line":33,"column":0},"end":{"line":33,"column":30}}},"fnMap":{"0":{"name":"(anonymous_0)","decl":{"start":{"line":4,"column":2},"end":{"line":4,"column":3}},"loc":{"start":{"line":4,"column":23},"end":{"line":12,"column":3}},"line":4},"1":{"name":"(anonymous_1)","decl":{"start":{"line":14,"column":2},"end":{"line":14,"column":3}},"loc":{"start":{"line":14,"column":51},"end":{"line":30,"column":3}},"line":14}},"branchMap":{"0":{"loc":{"start":{"line":15,"column":4},"end":{"line":17,"column":5}},"type":"if","locations":[{"start":{"line":15,"column":4},"end":{"line":17,"column":5}},{"start":{},"end":{}}],"line":15},"1":{"loc":{"start":{"line":15,"column":8},"end":{"line":15,"column":43}},"type":"binary-expr","locations":[{"start":{"line":15,"column":8},"end":{"line":15,"column":17}},{"start":{"line":15,"column":21},"end":{"line":15,"column":30}},{"start":{"line":15,"column":34},"end":{"line":15,"column":43}}],"line":15},"2":{"loc":{"start":{"line":19,"column":4},"end":{"line":21,"column":5}},"type":"if","locations":[{"start":{"line":19,"column":4},"end":{"line":21,"column":5}},{"start":{},"end":{}}],"line":19},"3":{"loc":{"start":{"line":19,"column":8},"end":{"line":19,"column":100}},"type":"binary-expr","locations":[{"start":{"line":19,"column":8},"end":{"line":19,"column":36}},{"start":{"line":19,"column":40},"end":{"line":19,"column":68}},{"start":{"line":19,"column":72},"end":{"line":19,"column":100}}],"line":19},"4":{"loc":{"start":{"line":23,"column":4},"end":{"line":25,"column":5}},"type":"if","locations":[{"start":{"line":23,"column":4},"end":{"line":25,"column":5}},{"start":{},"end":{}}],"line":23},"5":{"loc":{"start":{"line":27,"column":4},"end":{"line":29,"column":5}},"type":"if","locations":[{"start":{"line":27,"column":4},"end":{"line":29,"column":5}},{"start":{},"end":{}}],"line":27}},"s":{"0":7,"1":3,"2":3,"3":3,"4":3,"5":7,"6":1,"7":6,"8":1,"9":5,"10":1,"11":4,"12":1,"13":2},"f":{"0":7,"1":7},"b":{"0":[1,6],"1":[7,7,7],"2":[1,5],"3":[6,5,5],"4":[1,4],"5":[1,3]},"_coverageSchema":"1a1c01bbd47fc00a2c39e90264f33305004495a9","hash":"bfb1917ce27f828b792566674dda6f43f8292b4a"}
,"/home/zaf/Scripts/js/auth-api/src/Domains/users/entities/RegisteredUser.js": {"path":"/home/zaf/Scripts/js/auth-api/src/Domains/users/entities/RegisteredUser.js","statementMap":{"0":{"start":{"line":5,"column":4},"end":{"line":5,"column":33}},"1":{"start":{"line":7,"column":39},"end":{"line":7,"column":46}},"2":{"start":{"line":9,"column":4},"end":{"line":9,"column":17}},"3":{"start":{"line":10,"column":4},"end":{"line":10,"column":29}},"4":{"start":{"line":11,"column":4},"end":{"line":11,"column":29}},"5":{"start":{"line":15,"column":4},"end":{"line":17,"column":5}},"6":{"start":{"line":16,"column":6},"end":{"line":16,"column":69}},"7":{"start":{"line":19,"column":4},"end":{"line":21,"column":5}},"8":{"start":{"line":20,"column":6},"end":{"line":20,"column":74}},"9":{"start":{"line":25,"column":0},"end":{"line":25,"column":32}}},"fnMap":{"0":{"name":"(anonymous_0)","decl":{"start":{"line":4,"column":2},"end":{"line":4,"column":3}},"loc":{"start":{"line":4,"column":23},"end":{"line":12,"column":3}},"line":4},"1":{"name":"(anonymous_1)","decl":{"start":{"line":14,"column":2},"end":{"line":14,"column":3}},"loc":{"start":{"line":14,"column":45},"end":{"line":22,"column":3}},"line":14}},"branchMap":{"0":{"loc":{"start":{"line":15,"column":4},"end":{"line":17,"column":5}},"type":"if","locations":[{"start":{"line":15,"column":4},"end":{"line":17,"column":5}},{"start":{},"end":{}}],"line":15},"1":{"loc":{"start":{"line":15,"column":8},"end":{"line":15,"column":37}},"type":"binary-expr","locations":[{"start":{"line":15,"column":8},"end":{"line":15,"column":11}},{"start":{"line":15,"column":15},"end":{"line":15,"column":24}},{"start":{"line":15,"column":28},"end":{"line":15,"column":37}}],"line":15},"2":{"loc":{"start":{"line":19,"column":4},"end":{"line":21,"column":5}},"type":"if","locations":[{"start":{"line":19,"column":4},"end":{"line":21,"column":5}},{"start":{},"end":{}}],"line":19},"3":{"loc":{"start":{"line":19,"column":8},"end":{"line":19,"column":94}},"type":"binary-expr","locations":[{"start":{"line":19,"column":8},"end":{"line":19,"column":30}},{"start":{"line":19,"column":34},"end":{"line":19,"column":62}},{"start":{"line":19,"column":66},"end":{"line":19,"column":94}}],"line":19}},"s":{"0":4,"1":2,"2":2,"3":2,"4":2,"5":4,"6":1,"7":3,"8":1,"9":2},"f":{"0":4,"1":4},"b":{"0":[1,3],"1":[4,3,3],"2":[1,2],"3":[3,2,2]},"_coverageSchema":"1a1c01bbd47fc00a2c39e90264f33305004495a9","hash":"c1892da7dec98a6650d2c276b2c7d4e7d4ecf050"}
}
